
> afriquesports-web@0.1.0 build
> next build

   ▲ Next.js 16.0.10 (Turbopack)
   - Environments: .env.local, .env.production
   - Experiments (use with caution):
     · optimizePackageImports
     ✓ webpackBuildWorker

 ⚠ The "middleware" file convention is deprecated. Please use "proxy" instead. Learn more: https://nextjs.org/docs/messages/middleware-to-proxy
   Creating an optimized production build ...
 ✓ Compiled successfully in 8.8s
   Running TypeScript ...
Failed to compile.

./src/app/api/can2025/live-commentary/route.ts:105:35
Type error: Cannot find name 'supabase'.

[0m [90m 103 |[39m     }
 [90m 104 |[39m
[31m[1m>[22m[39m[90m 105 |[39m     [36mconst[39m { data[33m,[39m error } [33m=[39m [36mawait[39m supabase
 [90m     |[39m                                   [31m[1m^[22m[39m
 [90m 106 |[39m       [33m.[39m[36mfrom[39m([32m'match_commentary_ai'[39m)
 [90m 107 |[39m       [33m.[39mselect([32m'*'[39m)
 [90m 108 |[39m       [33m.[39meq([32m'match_id'[39m[33m,[39m matchId)[0m
Next.js build worker exited with code: 1 and signal: null
